<?xml version="1.0" encoding="UTF-8"?>
<!-- Generated by org.testng.reporters.JUnitXMLReporter -->
<testsuite ignored="0" hostname="DESKTOP-J8351P7" failures="0" tests="2" name="BankingApp Test" time="44.337" errors="0" timestamp="2021-09-10T11:03:34 IST">
  <testcase classname="com.inetBanking.testCases.TC_LoginTest_001" name="loginTest" time="2.117"/>
  <testcase classname="com.inetBanking.testCases.TC_AddCustomerTest_003" name="addNewCustomer" time="10.967"/>
</testsuite> <!-- BankingApp Test -->
