<?xml version="1.0" encoding="UTF-8"?>
<!-- Generated by org.testng.reporters.JUnitXMLReporter -->
<testsuite hostname="DESKTOP-J8351P7" ignored="0" name="BankingApp Test" tests="2" failures="0" timestamp="2021-09-10T14:00:39 IST" time="53.952" errors="0">
  <testcase name="loginTest" time="1.918" classname="com.inetBanking.testCases.TC_LoginTest_001"/>
  <testcase name="addNewCustomer" time="15.135" classname="com.inetBanking.testCases.TC_AddCustomerTest_003"/>
</testsuite> <!-- BankingApp Test -->
