<?xml version="1.0" encoding="UTF-8"?>
<testng-results skipped="0" failed="0" ignored="0" total="2" passed="2">
  <reporter-output>
  </reporter-output>
  <suite name="InetBanking" duration-ms="53952" started-at="2021-09-10T13:59:45 IST" finished-at="2021-09-10T14:00:39 IST">
    <groups>
    </groups>
    <test name="BankingApp Test" duration-ms="53952" started-at="2021-09-10T13:59:45 IST" finished-at="2021-09-10T14:00:39 IST">
      <class name="com.inetBanking.testCases.TC_AddCustomerTest_003">
        <test-method status="PASS" signature="setUp(java.lang.String)[pri:0, instance:com.inetBanking.testCases.TC_AddCustomerTest_003@78c03f1f]" name="setUp" is-config="true" duration-ms="18891" started-at="2021-09-10T14:00:04 IST" finished-at="2021-09-10T14:00:23 IST">
          <params>
            <param index="0">
              <value>
                <![CDATA[chrome]]>
              </value>
            </param>
          </params>
          <reporter-output>
          </reporter-output>
        </test-method> <!-- setUp -->
        <test-method status="PASS" signature="addNewCustomer()[pri:0, instance:com.inetBanking.testCases.TC_AddCustomerTest_003@78c03f1f]" name="addNewCustomer" duration-ms="15135" started-at="2021-09-10T14:00:23 IST" finished-at="2021-09-10T14:00:38 IST">
          <reporter-output>
          </reporter-output>
        </test-method> <!-- addNewCustomer -->
        <test-method status="PASS" signature="tearDown()[pri:0, instance:com.inetBanking.testCases.TC_AddCustomerTest_003@78c03f1f]" name="tearDown" is-config="true" duration-ms="842" started-at="2021-09-10T14:00:38 IST" finished-at="2021-09-10T14:00:39 IST">
          <reporter-output>
          </reporter-output>
        </test-method> <!-- tearDown -->
      </class> <!-- com.inetBanking.testCases.TC_AddCustomerTest_003 -->
      <class name="com.inetBanking.testCases.TC_LoginTest_001">
        <test-method status="PASS" signature="setUp(java.lang.String)[pri:0, instance:com.inetBanking.testCases.TC_LoginTest_001@21213b92]" name="setUp" is-config="true" duration-ms="16086" started-at="2021-09-10T13:59:45 IST" finished-at="2021-09-10T14:00:01 IST">
          <params>
            <param index="0">
              <value>
                <![CDATA[chrome]]>
              </value>
            </param>
          </params>
          <reporter-output>
          </reporter-output>
        </test-method> <!-- setUp -->
        <test-method status="PASS" signature="loginTest()[pri:0, instance:com.inetBanking.testCases.TC_LoginTest_001@21213b92]" name="loginTest" duration-ms="1918" started-at="2021-09-10T14:00:01 IST" finished-at="2021-09-10T14:00:03 IST">
          <reporter-output>
          </reporter-output>
        </test-method> <!-- loginTest -->
        <test-method status="PASS" signature="tearDown()[pri:0, instance:com.inetBanking.testCases.TC_LoginTest_001@21213b92]" name="tearDown" is-config="true" duration-ms="799" started-at="2021-09-10T14:00:03 IST" finished-at="2021-09-10T14:00:04 IST">
          <reporter-output>
          </reporter-output>
        </test-method> <!-- tearDown -->
      </class> <!-- com.inetBanking.testCases.TC_LoginTest_001 -->
    </test> <!-- BankingApp Test -->
  </suite> <!-- InetBanking -->
</testng-results>
