<?xml version="1.0" encoding="UTF-8"?>
<testng-results ignored="0" total="2" passed="2" failed="0" skipped="0">
  <reporter-output>
  </reporter-output>
  <suite started-at="2021-09-10T11:02:49 IST" name="InetBanking" finished-at="2021-09-10T11:03:34 IST" duration-ms="44337">
    <groups>
    </groups>
    <test started-at="2021-09-10T11:02:49 IST" name="BankingApp Test" finished-at="2021-09-10T11:03:34 IST" duration-ms="44337">
      <class name="com.inetBanking.testCases.TC_LoginTest_001">
        <test-method is-config="true" signature="setUp(java.lang.String)[pri:0, instance:com.inetBanking.testCases.TC_LoginTest_001@4a7f959b]" started-at="2021-09-10T11:02:50 IST" name="setUp" finished-at="2021-09-10T11:03:05 IST" duration-ms="15654" status="PASS">
          <params>
            <param index="0">
              <value>
                <![CDATA[chrome]]>
              </value>
            </param>
          </params>
          <reporter-output>
          </reporter-output>
        </test-method> <!-- setUp -->
        <test-method signature="loginTest()[pri:0, instance:com.inetBanking.testCases.TC_LoginTest_001@4a7f959b]" started-at="2021-09-10T11:03:05 IST" name="loginTest" finished-at="2021-09-10T11:03:08 IST" duration-ms="2117" status="PASS">
          <reporter-output>
          </reporter-output>
        </test-method> <!-- loginTest -->
        <test-method is-config="true" signature="tearDown()[pri:0, instance:com.inetBanking.testCases.TC_LoginTest_001@4a7f959b]" started-at="2021-09-10T11:03:08 IST" name="tearDown" finished-at="2021-09-10T11:03:09 IST" duration-ms="1496" status="PASS">
          <reporter-output>
          </reporter-output>
        </test-method> <!-- tearDown -->
      </class> <!-- com.inetBanking.testCases.TC_LoginTest_001 -->
      <class name="com.inetBanking.testCases.TC_AddCustomerTest_003">
        <test-method is-config="true" signature="setUp(java.lang.String)[pri:0, instance:com.inetBanking.testCases.TC_AddCustomerTest_003@581ac8a8]" started-at="2021-09-10T11:03:09 IST" name="setUp" finished-at="2021-09-10T11:03:22 IST" duration-ms="12934" status="PASS">
          <params>
            <param index="0">
              <value>
                <![CDATA[chrome]]>
              </value>
            </param>
          </params>
          <reporter-output>
          </reporter-output>
        </test-method> <!-- setUp -->
        <test-method signature="addNewCustomer()[pri:0, instance:com.inetBanking.testCases.TC_AddCustomerTest_003@581ac8a8]" started-at="2021-09-10T11:03:22 IST" name="addNewCustomer" finished-at="2021-09-10T11:03:33 IST" duration-ms="10967" status="PASS">
          <reporter-output>
          </reporter-output>
        </test-method> <!-- addNewCustomer -->
        <test-method is-config="true" signature="tearDown()[pri:0, instance:com.inetBanking.testCases.TC_AddCustomerTest_003@581ac8a8]" started-at="2021-09-10T11:03:33 IST" name="tearDown" finished-at="2021-09-10T11:03:34 IST" duration-ms="757" status="PASS">
          <reporter-output>
          </reporter-output>
        </test-method> <!-- tearDown -->
      </class> <!-- com.inetBanking.testCases.TC_AddCustomerTest_003 -->
    </test> <!-- BankingApp Test -->
  </suite> <!-- InetBanking -->
</testng-results>
